closure-library.d.ts/closure/goog/datasource/fastdatanode.d.ts(223,9): error TS2416: Property 'setChildNode' in type 'PrimitiveFastDataNode' is not assignable to the same property in base type 'AbstractFastDataNode'.
  Type '(name: string, value: Object) => void' is not assignable to type '(name: string, value: Object) => Object'.
    Type 'void' is not assignable to type 'Object'.
closure-library.d.ts/closure/goog/debug/error.d.ts(13,11): error TS2506: 'Error' is referenced directly or indirectly in its own base expression.
closure-library.d.ts/closure/goog/dom/dom.d.ts(81,106): error TS2304: Cannot find name 'R'.
closure-library.d.ts/closure/goog/dom/dom.d.ts(103,138): error TS2304: Cannot find name 'R'.
closure-library.d.ts/closure/goog/dom/dom.d.ts(117,126): error TS2304: Cannot find name 'R'.
closure-library.d.ts/closure/goog/dom/dom.d.ts(165,103): error TS2304: Cannot find name 'R'.
closure-library.d.ts/closure/goog/dom/dom.d.ts(219,149): error TS2304: Cannot find name 'R'.
closure-library.d.ts/closure/goog/dom/dom.d.ts(238,144): error TS2304: Cannot find name 'R'.
closure-library.d.ts/closure/goog/dom/dom.d.ts(249,61): error TS2304: Cannot find name 'R'.
closure-library.d.ts/closure/goog/dom/dom.d.ts(666,144): error TS2304: Cannot find name 'R'.
closure-library.d.ts/closure/goog/dom/dom.d.ts(761,111): error TS2304: Cannot find name 'R'.
closure-library.d.ts/closure/goog/dom/dom.d.ts(793,143): error TS2304: Cannot find name 'R'.
closure-library.d.ts/closure/goog/dom/dom.d.ts(807,131): error TS2304: Cannot find name 'R'.
closure-library.d.ts/closure/goog/dom/dom.d.ts(854,108): error TS2304: Cannot find name 'R'.
closure-library.d.ts/closure/goog/dom/dom.d.ts(1022,173): error TS2304: Cannot find name 'R'.
closure-library.d.ts/closure/goog/dom/dom.d.ts(1041,168): error TS2304: Cannot find name 'R'.
closure-library.d.ts/closure/goog/dom/dom.d.ts(1052,66): error TS2304: Cannot find name 'R'.
closure-library.d.ts/closure/goog/dom/dom.d.ts(1493,149): error TS2304: Cannot find name 'R'.
closure-library.d.ts/closure/goog/events/keycodes.d.ts(15,10): error TS2300: Duplicate identifier 'KeyCodes'.
closure-library.d.ts/closure/goog/events/keycodes.d.ts(16,9): error TS2300: Duplicate identifier 'KeyCodes'.
closure-library.d.ts/closure/goog/events/keycodes.d.ts(140,28): error TS2300: Duplicate identifier 'KeyCodes'.
closure-library.d.ts/closure/goog/graphics/canvasgraphics.d.ts(265,9): error TS2416: Property 'getTextWidth' in type 'CanvasGraphics' is not assignable to the same property in base type 'AbstractGraphics'.
  Type '(text: string, font: Font) => void' is not assignable to type '(text: string, font: Font) => number'.
    Type 'void' is not assignable to type 'number'.
closure-library.d.ts/closure/goog/html/sanitizer/htmlsanitizer.d.ts(58,53): error TS2339: Property 'SafeDomTreeProcessor' does not exist on type 'typeof sanitizer'.
closure-library.d.ts/closure/goog/i18n/datetimesymbols.d.ts(760,9): error TS2403: Subsequent variable declarations must have the same type.  Variable 'DateTimeSymbols' must be of type 'DateTimeSymbolsType', but here has type 'any'.
closure-library.d.ts/closure/goog/i18n/ordinalrules.d.ts(24,9): error TS2300: Duplicate identifier 'select'.
closure-library.d.ts/closure/goog/i18n/ordinalrules.d.ts(35,14): error TS2300: Duplicate identifier 'select'.
closure-library.d.ts/closure/goog/i18n/pluralrules.d.ts(24,9): error TS2300: Duplicate identifier 'select'.
closure-library.d.ts/closure/goog/i18n/pluralrules.d.ts(35,14): error TS2300: Duplicate identifier 'select'.
closure-library.d.ts/closure/goog/labs/net/webchannel.d.ts(19,15): error TS2320: Interface 'WebChannel' cannot simultaneously extend types 'EventTarget' and 'Listenable'.
  Named property 'dispatchEvent' of types 'EventTarget' and 'Listenable' are not identical.
closure-library.d.ts/closure/goog/labs/testing/environment.d.ts(42,9): error TS2300: Duplicate identifier 'Environment'.
closure-library.d.ts/closure/goog/labs/testing/environment.d.ts(45,34): error TS2300: Duplicate identifier 'Environment'.
closure-library.d.ts/closure/goog/messaging/portchannel.d.ts(26,49): error TS2304: Cannot find name 'WebWorker'.
closure-library.d.ts/closure/goog/net/browserchannel.d.ts(76,16): error TS2300: Duplicate identifier 'Event'.
closure-library.d.ts/closure/goog/net/browserchannel.d.ts(424,51): error TS2694: Namespace 'goog.net' has no exported member 'XhrIo'.
closure-library.d.ts/closure/goog/net/browserchannel.d.ts(768,40): error TS2300: Duplicate identifier 'Event'.
closure-library.d.ts/closure/goog/net/browsertestchannel.d.ts(46,51): error TS2694: Namespace 'goog.net' has no exported member 'XhrIo'.
closure-library.d.ts/closure/goog/net/errorcode.d.ts(11,10): error TS2300: Duplicate identifier 'ErrorCode'.
closure-library.d.ts/closure/goog/net/errorcode.d.ts(12,9): error TS2300: Duplicate identifier 'ErrorCode'.
closure-library.d.ts/closure/goog/net/errorcode.d.ts(26,25): error TS2300: Duplicate identifier 'ErrorCode'.
closure-library.d.ts/closure/goog/net/httpstatus.d.ts(14,10): error TS2300: Duplicate identifier 'HttpStatus'.
closure-library.d.ts/closure/goog/net/httpstatus.d.ts(15,9): error TS2300: Duplicate identifier 'HttpStatus'.
closure-library.d.ts/closure/goog/net/httpstatus.d.ts(69,25): error TS2300: Duplicate identifier 'HttpStatus'.
closure-library.d.ts/closure/goog/net/streams/streamfactory.d.ts(33,56): error TS2694: Namespace 'goog.net' has no exported member 'XhrIo'.
closure-library.d.ts/closure/goog/net/streams/xhrnodereadablestream.d.ts(19,49): error TS2694: Namespace 'goog.net.streams' has no exported member 'XhrStreamReader'.
closure-library.d.ts/closure/goog/net/xhriopool.d.ts(26,34): error TS2694: Namespace 'goog.net' has no exported member 'XhrIo'.
closure-library.d.ts/closure/goog/net/xhrmanager.d.ts(76,283): error TS2694: Namespace 'goog.net' has no exported member 'XhrIo'.
closure-library.d.ts/closure/goog/net/xhrmanager.d.ts(103,104): error TS2694: Namespace 'goog.net' has no exported member 'XhrIo'.
closure-library.d.ts/closure/goog/net/xhrmanager.d.ts(131,283): error TS2694: Namespace 'goog.net' has no exported member 'XhrIo'.
closure-library.d.ts/closure/goog/net/xhrmanager.d.ts(231,37): error TS2694: Namespace 'goog.net' has no exported member 'XhrIo'.
closure-library.d.ts/closure/goog/positioning/positioning.d.ts(71,10): error TS2300: Duplicate identifier 'OverflowStatus'.
closure-library.d.ts/closure/goog/positioning/positioning.d.ts(72,9): error TS2300: Duplicate identifier 'OverflowStatus'.
closure-library.d.ts/closure/goog/positioning/positioning.d.ts(217,33): error TS2300: Duplicate identifier 'OverflowStatus'.
closure-library.d.ts/closure/goog/promise/promise.d.ts(83,51): error TS2304: Cannot find name 'RESULT'.
closure-library.d.ts/closure/goog/promise/thenable.d.ts(59,117): error TS2304: Cannot find name 'THIS'.
closure-library.d.ts/closure/goog/promise/thenable.d.ts(59,124): error TS2304: Cannot find name 'RESULT'.
closure-library.d.ts/closure/goog/reflect/reflect.d.ts(89,51): error TS2304: Cannot find name 'V'.
closure-library.d.ts/closure/goog/reflect/reflect.d.ts(89,89): error TS2304: Cannot find name 'V'.
closure-library.d.ts/closure/goog/reflect/reflect.d.ts(89,123): error TS2304: Cannot find name 'V'.
closure-library.d.ts/closure/goog/testing/events/events.d.ts(20,11): error TS2506: 'Event' is referenced directly or indirectly in its own base expression.
closure-library.d.ts/closure/goog/testing/net/xhrio.d.ts(15,34): error TS2339: Property 'XhrIo' does not exist on type 'typeof net'.
closure-library.d.ts/closure/goog/testing/net/xhrio.d.ts(97,40): error TS2694: Namespace 'goog.net' has no exported member 'XhrIo'.
closure-library.d.ts/closure/goog/testing/net/xhrio.d.ts(104,37): error TS2694: Namespace 'goog.net' has no exported member 'XhrIo'.
closure-library.d.ts/closure/goog/testing/net/xhrio.d.ts(398,43): error TS2339: Property 'XhrIo' does not exist on type 'typeof net'.
closure-library.d.ts/closure/goog/testing/net/xhrio.d.ts(398,43): error TS2694: Namespace 'goog.net' has no exported member 'XhrIo'.
closure-library.d.ts/closure/goog/testing/recordfunction.d.ts(113,76): error TS2694: Namespace 'goog.testing.recordFunction' has no exported member 'Type'.
closure-library.d.ts/closure/goog/testing/testsuite.d.ts(18,82): error TS2304: Cannot find name 'TestSuiteOptions'.
closure-library.d.ts/closure/goog/ui/animatedzippy.d.ts(23,146): error TS2315: Type 'Role' is not generic.
closure-library.d.ts/closure/goog/ui/checkbox.d.ts(21,11): error TS2417: Class static side 'typeof Checkbox' incorrectly extends base class static side 'typeof Control'.
  Types of property 'State' are incompatible.
    Type '{ CHECKED: boolean; UNCHECKED: boolean; UNDETERMINED: boolean; }' is not assignable to type '{ ALL: number; DISABLED: number; HOVER: number; ACTIVE: number; SELECTED: number; CHECKED: number; FOCUSED: number; OPENED: number; }'.
      Property 'ALL' is missing in type '{ CHECKED: boolean; UNCHECKED: boolean; UNDETERMINED: boolean; }'.
closure-library.d.ts/closure/goog/ui/colormenubuttonrenderer.d.ts(12,11): error TS2417: Class static side 'typeof ColorMenuButtonRenderer' incorrectly extends base class static side 'typeof MenuButtonRenderer'.
  Types of property 'wrapCaption' are incompatible.
    Type '(content: ControlContent, dom: DomHelper) => Element' is not assignable to type '(content: ControlContent, cssClass: string, dom: DomHelper) => Element'.
      Types of parameters 'dom' and 'cssClass' are incompatible.
        Type 'string' is not assignable to type 'DomHelper'.
closure-library.d.ts/closure/goog/ui/colorpicker.d.ts(18,11): error TS2417: Class static side 'typeof ColorPicker' incorrectly extends base class static side 'typeof Component'.
  Types of property 'EventType' are incompatible.
    Type '{ CHANGE: string; }' is not assignable to type '{ BEFORE_SHOW: string; SHOW: string; HIDE: string; DISABLE: string; ENABLE: string; HIGHLIGHT: string; UNHIGHLIGHT: string; ACTIVATE: string; DEACTIVATE: string; SELECT: string; UNSELECT: string; ... 9 more ...; CHANGE: string; }'.
      Property 'BEFORE_SHOW' is missing in type '{ CHANGE: string; }'.
closure-library.d.ts/closure/goog/ui/container.d.ts(28,11): error TS2417: Class static side 'typeof Container' incorrectly extends base class static side 'typeof Component'.
  Types of property 'EventType' are incompatible.
    Type '{ AFTER_SHOW: string; AFTER_HIDE: string; }' is not assignable to type '{ BEFORE_SHOW: string; SHOW: string; HIDE: string; DISABLE: string; ENABLE: string; HIGHLIGHT: string; UNHIGHLIGHT: string; ACTIVATE: string; DEACTIVATE: string; SELECT: string; UNSELECT: string; ... 9 more ...; CHANGE: string; }'.
      Property 'BEFORE_SHOW' is missing in type '{ AFTER_SHOW: string; AFTER_HIDE: string; }'.
closure-library.d.ts/closure/goog/ui/dialog.d.ts(44,11): error TS2417: Class static side 'typeof Dialog' incorrectly extends base class static side 'typeof ModalPopup'.
  Types of property 'EventType' are incompatible.
    Type '{ SELECT: string; AFTER_HIDE: string; AFTER_SHOW: string; }' is not assignable to type '{ BEFORE_SHOW: string; SHOW: string; HIDE: string; DISABLE: string; ENABLE: string; HIGHLIGHT: string; UNHIGHLIGHT: string; ACTIVATE: string; DEACTIVATE: string; SELECT: string; UNSELECT: string; ... 9 more ...; CHANGE: string; }'.
      Property 'BEFORE_SHOW' is missing in type '{ SELECT: string; AFTER_HIDE: string; AFTER_SHOW: string; }'.
closure-library.d.ts/closure/goog/ui/editor/linkdialog.d.ts(19,11): error TS2417: Class static side 'typeof LinkDialog' incorrectly extends base class static side 'typeof AbstractDialog'.
  Types of property 'EventType' are incompatible.
    Type '{ BEFORE_TEST_LINK: string; }' is not assignable to type '{ AFTER_HIDE: string; CANCEL: string; OK: string; }'.
      Property 'AFTER_HIDE' is missing in type '{ BEFORE_TEST_LINK: string; }'.
closure-library.d.ts/closure/goog/ui/filteredmenu.d.ts(15,11): error TS2417: Class static side 'typeof FilteredMenu' incorrectly extends base class static side 'typeof Menu'.
  Types of property 'EventType' are incompatible.
    Type '{ FILTER_CHANGED: string; }' is not assignable to type '{ BEFORE_SHOW: string; SHOW: string; BEFORE_HIDE: string; HIDE: string; }'.
      Property 'BEFORE_SHOW' is missing in type '{ FILTER_CHANGED: string; }'.
closure-library.d.ts/closure/goog/ui/menu.d.ts(16,11): error TS2417: Class static side 'typeof Menu' incorrectly extends base class static side 'typeof Container'.
  Types of property 'EventType' are incompatible.
    Type '{ BEFORE_SHOW: string; SHOW: string; BEFORE_HIDE: string; HIDE: string; }' is not assignable to type '{ AFTER_SHOW: string; AFTER_HIDE: string; }'.
      Property 'AFTER_SHOW' is missing in type '{ BEFORE_SHOW: string; SHOW: string; BEFORE_HIDE: string; HIDE: string; }'.
closure-library.d.ts/closure/goog/ui/menu.d.ts(161,9): error TS2416: Property 'setVisible' in type 'Menu' is not assignable to the same property in base type 'Container'.
  Type '(show: boolean, opt_force?: boolean, opt_e?: Event) => void' is not assignable to type '(visible: boolean, opt_force?: boolean) => boolean'.
    Type 'void' is not assignable to type 'boolean'.
closure-library.d.ts/closure/goog/ui/menubase.d.ts(23,16): error TS2300: Duplicate identifier 'Events'.
closure-library.d.ts/closure/goog/ui/menubase.d.ts(91,33): error TS2300: Duplicate identifier 'Events'.
closure-library.d.ts/closure/goog/ui/palette.d.ts(26,11): error TS2417: Class static side 'typeof Palette' incorrectly extends base class static side 'typeof Control'.
  Types of property 'EventType' are incompatible.
    Type '{ AFTER_HIGHLIGHT: string; }' is not assignable to type '{ BEFORE_SHOW: string; SHOW: string; HIDE: string; DISABLE: string; ENABLE: string; HIGHLIGHT: string; UNHIGHLIGHT: string; ACTIVATE: string; DEACTIVATE: string; SELECT: string; UNSELECT: string; ... 9 more ...; CHANGE: string; }'.
      Property 'BEFORE_SHOW' is missing in type '{ AFTER_HIGHLIGHT: string; }'.
closure-library.d.ts/closure/goog/ui/paletterenderer.d.ts(110,9): error TS2416: Property 'decorate' in type 'PaletteRenderer' is not assignable to the same property in base type 'ControlRenderer'.
  Type '(palette: Control, element: Element) => void' is not assignable to type '(control: Control, element: Element) => Element'.
    Type 'void' is not assignable to type 'Element'.
closure-library.d.ts/closure/goog/ui/ratings.d.ts(15,11): error TS2417: Class static side 'typeof Ratings' incorrectly extends base class static side 'typeof Component'.
  Types of property 'EventType' are incompatible.
    Type '{ CHANGE: string; HIGHLIGHT_CHANGE: string; HIGHLIGHT: string; UNHIGHLIGHT: string; }' is not assignable to type '{ BEFORE_SHOW: string; SHOW: string; HIDE: string; DISABLE: string; ENABLE: string; HIGHLIGHT: string; UNHIGHLIGHT: string; ACTIVATE: string; DEACTIVATE: string; SELECT: string; UNSELECT: string; ... 9 more ...; CHANGE: string; }'.
      Property 'BEFORE_SHOW' is missing in type '{ CHANGE: string; HIGHLIGHT_CHANGE: string; HIGHLIGHT: string; UNHIGHLIGHT: string; }'.
closure-library.d.ts/closure/goog/ui/scrollfloater.d.ts(20,11): error TS2417: Class static side 'typeof ScrollFloater' incorrectly extends base class static side 'typeof Component'.
  Types of property 'EventType' are incompatible.
    Type '{ FLOAT: string; DOCK: string; PIN: string; }' is not assignable to type '{ BEFORE_SHOW: string; SHOW: string; HIDE: string; DISABLE: string; ENABLE: string; HIGHLIGHT: string; UNHIGHLIGHT: string; ACTIVATE: string; DEACTIVATE: string; SELECT: string; UNSELECT: string; ... 9 more ...; CHANGE: string; }'.
      Property 'BEFORE_SHOW' is missing in type '{ FLOAT: string; DOCK: string; PIN: string; }'.
closure-library.d.ts/closure/goog/ui/sliderbase.d.ts(16,11): error TS2417: Class static side 'typeof SliderBase' incorrectly extends base class static side 'typeof Component'.
  Types of property 'EventType' are incompatible.
    Type '{ DRAG_VALUE_START: string; DRAG_VALUE_END: string; DRAG_EXTENT_START: string; DRAG_EXTENT_END: string; DRAG_START: string; DRAG_END: string; ANIMATION_END: string; }' is not assignable to type '{ BEFORE_SHOW: string; SHOW: string; HIDE: string; DISABLE: string; ENABLE: string; HIGHLIGHT: string; UNHIGHLIGHT: string; ACTIVATE: string; DEACTIVATE: string; SELECT: string; UNSELECT: string; ... 9 more ...; CHANGE: string; }'.
      Property 'BEFORE_SHOW' is missing in type '{ DRAG_VALUE_START: string; DRAG_VALUE_END: string; DRAG_EXTENT_START: string; DRAG_EXTENT_END: string; DRAG_START: string; DRAG_END: string; ANIMATION_END: string; }'.
closure-library.d.ts/closure/goog/ui/splitpane.d.ts(23,11): error TS2417: Class static side 'typeof SplitPane' incorrectly extends base class static side 'typeof Component'.
  Types of property 'EventType' are incompatible.
    Type '{ HANDLE_DRAG: string; HANDLE_DRAG_END: string; HANDLE_SNAP: string; }' is not assignable to type '{ BEFORE_SHOW: string; SHOW: string; HIDE: string; DISABLE: string; ENABLE: string; HIGHLIGHT: string; UNHIGHLIGHT: string; ACTIVATE: string; DEACTIVATE: string; SELECT: string; UNSELECT: string; ... 9 more ...; CHANGE: string; }'.
      Property 'BEFORE_SHOW' is missing in type '{ HANDLE_DRAG: string; HANDLE_DRAG_END: string; HANDLE_SNAP: string; }'.
closure-library.d.ts/closure/goog/ui/tablesorter.d.ts(21,11): error TS2417: Class static side 'typeof TableSorter' incorrectly extends base class static side 'typeof Component'.
  Types of property 'EventType' are incompatible.
    Type '{ BEFORESORT: string; SORT: string; }' is not assignable to type '{ BEFORE_SHOW: string; SHOW: string; HIDE: string; DISABLE: string; ENABLE: string; HIGHLIGHT: string; UNHIGHLIGHT: string; ACTIVATE: string; DEACTIVATE: string; SELECT: string; UNSELECT: string; ... 9 more ...; CHANGE: string; }'.
      Property 'BEFORE_SHOW' is missing in type '{ BEFORESORT: string; SORT: string; }'.
closure-library.d.ts/closure/goog/ui/textarea.d.ts(19,11): error TS2417: Class static side 'typeof Textarea' incorrectly extends base class static side 'typeof Control'.
  Types of property 'EventType' are incompatible.
    Type '{ RESIZE: string; }' is not assignable to type '{ BEFORE_SHOW: string; SHOW: string; HIDE: string; DISABLE: string; ENABLE: string; HIGHLIGHT: string; UNHIGHLIGHT: string; ACTIVATE: string; DEACTIVATE: string; SELECT: string; UNSELECT: string; ... 9 more ...; CHANGE: string; }'.
      Property 'BEFORE_SHOW' is missing in type '{ RESIZE: string; }'.
closure-library.d.ts/closure/goog/ui/tree/basenode.d.ts(20,11): error TS2417: Class static side 'typeof BaseNode' incorrectly extends base class static side 'typeof Component'.
  Types of property 'EventType' are incompatible.
    Type '{ BEFORE_EXPAND: string; EXPAND: string; BEFORE_COLLAPSE: string; COLLAPSE: string; }' is not assignable to type '{ BEFORE_SHOW: string; SHOW: string; HIDE: string; DISABLE: string; ENABLE: string; HIGHLIGHT: string; UNHIGHLIGHT: string; ACTIVATE: string; DEACTIVATE: string; SELECT: string; UNSELECT: string; ... 9 more ...; CHANGE: string; }'.
      Property 'BEFORE_SHOW' is missing in type '{ BEFORE_EXPAND: string; EXPAND: string; BEFORE_COLLAPSE: string; COLLAPSE: string; }'.
closure-library.d.ts/closure/goog/ui/zippy.d.ts(30,204): error TS2315: Type 'Role' is not generic.
